2024-06-26 14:36:33 [32minfo[39m: Cargando configuracion:
2024-06-26 14:37:36 [32minfo[39m: Cargando configuracion:
2024-06-26 14:48:07 [32minfo[39m: Cargando configuracion:
2024-06-26 14:48:18 [32minfo[39m: Cargando configuracion:
2024-06-26 14:48:20 [32minfo[39m: Base de datos conectada a MongoDB
2024-06-26 14:48:44 [32minfo[39m: Cargando configuracion:
2024-06-26 14:48:45 [32minfo[39m: Base de datos conectada a MongoDB
2024-06-26 14:57:29 [32minfo[39m: Cargando configuracion:
2024-06-26 14:57:31 [32minfo[39m: Base de datos conectada a MongoDB
2024-06-26 15:22:41 [32minfo[39m: Cargando configuracion:
2024-06-26 15:22:43 [32minfo[39m: Base de datos conectada a MongoDB
2024-06-26 15:23:11 [32minfo[39m: Cargando configuracion:
2024-06-26 15:23:12 [32minfo[39m: Base de datos conectada a MongoDB
2024-06-26 15:23:22 [32minfo[39m: Cargando configuracion:
2024-06-26 15:23:23 [32minfo[39m: Base de datos conectada a MongoDB
2024-06-26 15:23:39 [32minfo[39m: Cargando configuracion:
2024-06-26 15:23:40 [32minfo[39m: Base de datos conectada a MongoDB
2024-06-26 15:23:52 [32minfo[39m: Cargando configuracion:
2024-06-26 15:23:54 [32minfo[39m: Base de datos conectada a MongoDB
2024-06-26 15:26:08 [32minfo[39m: Cargando configuracion:
2024-06-26 15:26:10 [32minfo[39m: Base de datos conectada a MongoDB
2024-06-26 15:45:48 [32minfo[39m: Cargando configuracion:
2024-06-26 15:45:50 [32minfo[39m: Base de datos conectada a MongoDB
2024-06-26 15:48:49 [32minfo[39m: Cargando configuracion:
2024-06-26 15:48:50 [32minfo[39m: Base de datos conectada a MongoDB
2024-06-26 15:49:19 [32minfo[39m: Cargando configuracion:
2024-06-26 15:49:20 [32minfo[39m: Base de datos conectada a MongoDB
2024-06-26 15:49:21 [32minfo[39m: Cargando configuracion:
2024-06-26 15:49:22 [32minfo[39m: Base de datos conectada a MongoDB
2024-06-26 15:49:42 [32minfo[39m: Cargando configuracion:
2024-06-26 15:49:44 [32minfo[39m: Base de datos conectada a MongoDB
2024-06-26 15:49:46 [32minfo[39m: Cargando configuracion:
2024-06-26 15:49:47 [32minfo[39m: Base de datos conectada a MongoDB
2024-06-26 15:50:27 [32minfo[39m: Cargando configuracion:
2024-06-26 15:50:27 [32minfo[39m: Configuracion OK
2024-06-26 15:50:28 [32minfo[39m: Base de datos conectada a MongoDB
2024-06-26 15:50:46 [32minfo[39m: Cargando configuracion:
2024-06-26 15:50:46 [32minfo[39m: Configuracion OK
2024-06-26 15:50:47 [32minfo[39m: Base de datos conectada a MongoDB
2024-06-26 15:50:49 [32minfo[39m: Cargando configuracion:
2024-06-26 15:50:49 [32minfo[39m: Configuracion Ok
2024-06-26 15:50:50 [32minfo[39m: Base de datos conectada a MongoDB
2024-06-26 15:50:59 [32minfo[39m: Cargando configuracion:
2024-06-26 15:50:59 [32minfo[39m: Configuracion Lista
2024-06-26 15:51:00 [32minfo[39m: Base de datos conectada a MongoDB
2024-06-26 16:14:36 [32minfo[39m: Cargando configuracion:
2024-06-26 16:14:36 [32minfo[39m: Configuracion Lista
2024-06-26 16:14:38 [32minfo[39m: Base de datos conectada a MongoDB
2024-06-26 16:16:09 [32minfo[39m: Cargando configuracion:
2024-06-26 16:16:09 [32minfo[39m: Configuracion Lista
2024-06-26 16:16:11 [32minfo[39m: Base de datos conectada a MongoDB
2024-06-26 16:16:34 [32minfo[39m: Cargando configuracion:
2024-06-26 16:16:34 [32minfo[39m: Configuracion Lista
2024-06-26 16:16:35 [32minfo[39m: Base de datos conectada a MongoDB
2024-06-26 16:18:00 [32minfo[39m: Cargando configuracion:
2024-06-26 16:18:00 [32minfo[39m: Configuracion Lista
2024-06-26 16:18:02 [32minfo[39m: Base de datos conectada a MongoDB
2024-06-26 16:18:56 [32minfo[39m: Cargando configuracion:
2024-06-26 16:18:56 [32minfo[39m: Configuracion Lista
2024-06-26 16:18:58 [32minfo[39m: Base de datos conectada a MongoDB
2024-06-26 16:19:15 [32minfo[39m: Cargando configuracion:
2024-06-26 16:19:15 [32minfo[39m: Configuracion Lista
2024-06-26 16:19:17 [32minfo[39m: Base de datos conectada a MongoDB
2024-06-26 16:19:28 [32minfo[39m: Cargando configuracion:
2024-06-26 16:19:28 [32minfo[39m: Configuracion Lista
2024-06-26 16:19:29 [32minfo[39m: Base de datos conectada a MongoDB
2024-06-26 16:25:10 [32minfo[39m: Cargando configuracion:
2024-06-26 16:25:10 [32minfo[39m: Configuracion Lista
2024-06-26 16:25:12 [32minfo[39m: Base de datos conectada a MongoDB
2024-06-26 16:25:24 [32minfo[39m: Cargando configuracion:
2024-06-26 16:25:24 [32minfo[39m: Configuracion Lista
2024-06-26 16:25:25 [32minfo[39m: Base de datos conectada a MongoDB
2024-06-26 16:25:29 [32minfo[39m: Cargando configuracion:
2024-06-26 16:25:29 [32minfo[39m: Configuracion Lista
2024-06-26 16:25:31 [32minfo[39m: Base de datos conectada a MongoDB
2024-06-26 16:25:40 [32minfo[39m: Cargando configuracion:
2024-06-26 16:25:40 [32minfo[39m: configuracion Lista
2024-06-26 16:25:41 [32minfo[39m: Base de datos conectada a MongoDB
2024-06-26 16:25:54 [32minfo[39m: Cargando configuracion:
2024-06-26 16:25:54 [32minfo[39m: configuracion lista.
2024-06-26 16:25:55 [32minfo[39m: Base de datos conectada a MongoDB
2024-06-26 16:26:49 [32minfo[39m: Cargando configuracion:
2024-06-26 16:26:49 [32minfo[39m: configuracion lista.
2024-06-26 16:26:51 [32minfo[39m: Base de datos conectada a MongoDB
2024-06-26 16:28:42 [32minfo[39m: Cargando configuracion:
2024-06-26 16:28:42 [32minfo[39m: configuracion lista.
2024-06-26 16:28:44 [32minfo[39m: Base de datos conectada a MongoDB
2024-06-26 16:29:42 [32minfo[39m: Cargando configuracion:
2024-06-26 16:29:42 [32minfo[39m: configuracion lista.
2024-06-26 16:29:44 [32minfo[39m: Base de datos conectada a MongoDB
2024-06-26 16:29:57 [32minfo[39m: Cargando configuracion:
2024-06-26 16:29:57 [32minfo[39m: configuracion lista.
2024-06-26 16:29:59 [32minfo[39m: Base de datos conectada a MongoDB
2024-06-26 16:30:23 [32minfo[39m: Cargando configuracion:
2024-06-26 16:30:23 [32minfo[39m: configuracion lista.
2024-06-26 16:30:24 [32minfo[39m: Base de datos conectada a MongoDB
2024-06-26 16:31:06 [32minfo[39m: Cargando configuracion:
2024-06-26 16:31:06 [32minfo[39m: configuracion lista.
2024-06-26 16:31:09 [32minfo[39m: Base de datos conectada a MongoDB
2024-06-26 16:49:06 [32minfo[39m: Cargando configuracion:
2024-06-26 16:49:06 [32minfo[39m: configuracion lista.
2024-06-26 16:49:08 [32minfo[39m: Base de datos conectada a MongoDB
2024-06-26 17:03:42 [32minfo[39m: Cargando configuracion:
2024-06-26 17:03:42 [32minfo[39m: configuracion lista.
2024-06-26 17:03:44 [32minfo[39m: Base de datos conectada a MongoDB
2024-06-26 17:04:41 [32minfo[39m: Cargando configuracion:
2024-06-26 17:04:41 [32minfo[39m: configuracion lista.
2024-06-26 17:04:42 [32minfo[39m: Base de datos conectada a MongoDB
2024-06-26 17:04:49 [32minfo[39m: Cargando configuracion:
2024-06-26 17:04:49 [32minfo[39m: configuracion lista.
2024-06-26 17:04:51 [32minfo[39m: Base de datos conectada a MongoDB
2024-06-26 17:05:05 [32minfo[39m: Cargando configuracion:
2024-06-26 17:05:05 [32minfo[39m: configuracion lista.
2024-06-26 17:05:07 [32minfo[39m: Base de datos conectada a MongoDB
2024-06-26 17:05:09 [32minfo[39m: Cargando configuracion:
2024-06-26 17:05:09 [32minfo[39m: configuracion lista.
2024-06-26 17:05:10 [32minfo[39m: Base de datos conectada a MongoDB
2024-06-26 17:06:09 [32minfo[39m: Cargando configuracion:
2024-06-26 17:06:09 [32minfo[39m: configuracion lista.
2024-06-26 17:06:10 [32minfo[39m: Base de datos conectada a MongoDB
2024-06-26 23:11:29 [32minfo[39m: Cargando configuracion:
2024-06-26 23:11:29 [32minfo[39m: configuracion lista.
2024-06-26 23:11:31 [32minfo[39m: Base de datos conectada a MongoDB
2024-06-26 23:14:03 [32minfo[39m: Cargando configuracion:
2024-06-26 23:14:03 [32minfo[39m: configuracion lista.
2024-06-26 23:14:05 [32minfo[39m: Base de datos conectada a MongoDB
2024-06-26 23:14:41 [32minfo[39m: Cargando configuracion:
2024-06-26 23:14:41 [32minfo[39m: configuracion lista.
2024-06-26 23:14:43 [32minfo[39m: Base de datos conectada a MongoDB
2024-06-26 23:16:14 [32minfo[39m: Cargando configuracion:
2024-06-26 23:16:14 [32minfo[39m: configuracion lista.
2024-06-26 23:16:16 [32minfo[39m: Base de datos conectada a MongoDB
2024-06-26 23:18:13 [32minfo[39m: Cargando configuracion:
2024-06-26 23:18:13 [32minfo[39m: configuracion lista.
2024-06-26 23:18:15 [32minfo[39m: Base de datos conectada a MongoDB
2024-06-26 23:19:09 [32minfo[39m: Cargando configuracion:
2024-06-26 23:19:09 [32minfo[39m: configuracion lista.
2024-06-26 23:19:10 [32minfo[39m: Base de datos conectada a MongoDB
2024-06-26 23:21:31 [32minfo[39m: Cargando configuracion:
2024-06-26 23:21:31 [32minfo[39m: configuracion lista.
2024-06-26 23:21:32 [32minfo[39m: Base de datos conectada a MongoDB
2024-06-26 23:23:30 [32minfo[39m: Cargando configuracion:
2024-06-26 23:23:30 [32minfo[39m: configuracion lista.
2024-06-26 23:23:32 [32minfo[39m: Base de datos conectada a MongoDB
2024-06-26 23:23:40 [32minfo[39m: Cargando configuracion:
2024-06-26 23:23:40 [32minfo[39m: configuracion lista.
2024-06-26 23:23:41 [32minfo[39m: Base de datos conectada a MongoDB
2024-06-26 23:25:57 [32minfo[39m: Cargando configuracion:
2024-06-26 23:25:57 [32minfo[39m: configuracion lista.
2024-06-26 23:25:59 [32minfo[39m: Base de datos conectada a MongoDB
2024-06-26 23:25:59 [32minfo[39m: Cargando configuracion:
2024-06-26 23:25:59 [32minfo[39m: configuracion lista.
2024-06-26 23:26:01 [32minfo[39m: Base de datos conectada a MongoDB
2024-06-26 23:27:56 [32minfo[39m: Cargando configuracion:
2024-06-26 23:27:56 [32minfo[39m: configuracion lista.
2024-06-26 23:27:57 [32minfo[39m: Base de datos conectada a MongoDB
2024-06-26 23:29:01 [32minfo[39m: Cargando configuracion:
2024-06-26 23:29:01 [32minfo[39m: configuracion lista.
2024-06-26 23:29:03 [32minfo[39m: Base de datos conectada a MongoDB
2024-06-26 23:29:10 [32minfo[39m: Cargando configuracion:
2024-06-26 23:29:10 [32minfo[39m: configuracion lista.
2024-06-26 23:29:12 [32minfo[39m: Base de datos conectada a MongoDB
2024-06-26 23:29:46 [32minfo[39m: Cargando configuracion:
2024-06-26 23:29:46 [32minfo[39m: configuracion lista.
2024-06-26 23:29:48 [32minfo[39m: Base de datos conectada a MongoDB
2024-06-26 23:31:06 [32minfo[39m: Cargando configuracion:
2024-06-26 23:31:06 [32minfo[39m: configuracion lista.
2024-06-26 23:31:08 [32minfo[39m: Base de datos conectada a MongoDB
2024-06-26 23:31:35 [32minfo[39m: Cargando configuracion:
2024-06-26 23:31:35 [32minfo[39m: configuracion lista.
2024-06-26 23:31:37 [32minfo[39m: Base de datos conectada a MongoDB
2024-06-26 23:32:43 [32minfo[39m: Cargando configuracion:
2024-06-26 23:32:43 [32minfo[39m: configuracion lista.
2024-06-26 23:32:45 [32minfo[39m: Base de datos conectada a MongoDB
2024-06-26 23:33:07 [32minfo[39m: Cargando configuracion:
2024-06-26 23:33:07 [32minfo[39m: configuracion lista.
2024-06-26 23:33:08 [32minfo[39m: Base de datos conectada a MongoDB
2024-06-26 23:33:40 [32minfo[39m: Cargando configuracion:
2024-06-26 23:33:40 [32minfo[39m: configuracion lista.
2024-06-26 23:33:42 [32minfo[39m: Base de datos conectada a MongoDB
2024-06-26 23:33:54 [32minfo[39m: Cargando configuracion:
2024-06-26 23:33:54 [32minfo[39m: configuracion lista.
2024-06-26 23:33:56 [32minfo[39m: Base de datos conectada a MongoDB
2024-06-26 23:34:26 [32minfo[39m: Cargando configuracion:
2024-06-26 23:34:26 [32minfo[39m: configuracion lista.
2024-06-26 23:34:27 [32minfo[39m: Base de datos conectada a MongoDB
2024-06-26 23:34:39 [32minfo[39m: Cargando configuracion:
2024-06-26 23:34:39 [32minfo[39m: configuracion lista.
2024-06-26 23:34:41 [32minfo[39m: Base de datos conectada a MongoDB
2024-06-26 23:36:05 [32minfo[39m: Cargando configuracion:
2024-06-26 23:36:05 [32minfo[39m: configuracion lista.
2024-06-26 23:36:07 [32minfo[39m: Base de datos conectada a MongoDB
2024-06-26 23:36:13 [32minfo[39m: Cargando configuracion:
2024-06-26 23:36:13 [32minfo[39m: configuracion lista.
2024-06-26 23:36:14 [32minfo[39m: Base de datos conectada a MongoDB
2024-06-26 23:36:29 [32minfo[39m: Cargando configuracion:
2024-06-26 23:36:29 [32minfo[39m: configuracion lista.
2024-06-26 23:36:30 [32minfo[39m: Base de datos conectada a MongoDB
2024-06-26 23:36:36 [32minfo[39m: Cargando configuracion:
2024-06-26 23:36:36 [32minfo[39m: configuracion lista.
2024-06-26 23:36:37 [32minfo[39m: Base de datos conectada a MongoDB
2024-06-26 23:37:11 [32minfo[39m: Cargando configuracion:
2024-06-26 23:37:11 [32minfo[39m: configuracion lista.
2024-06-26 23:37:12 [32minfo[39m: Base de datos conectada a MongoDB
2024-06-26 23:37:17 [32minfo[39m: Cargando configuracion:
2024-06-26 23:37:17 [32minfo[39m: configuracion lista.
2024-06-26 23:37:19 [32minfo[39m: Base de datos conectada a MongoDB
2024-06-26 23:37:40 [32minfo[39m: Cargando configuracion:
2024-06-26 23:37:40 [32minfo[39m: configuracion lista.
2024-06-26 23:37:41 [32minfo[39m: Base de datos conectada a MongoDB
2024-06-26 23:37:48 [32minfo[39m: Cargando configuracion:
2024-06-26 23:37:48 [32minfo[39m: configuracion lista.
2024-06-26 23:37:49 [32minfo[39m: Base de datos conectada a MongoDB
2024-06-26 23:38:29 [32minfo[39m: Cargando configuracion:
2024-06-26 23:38:29 [32minfo[39m: configuracion lista.
2024-06-26 23:38:31 [32minfo[39m: Base de datos conectada a MongoDB
2024-06-26 23:39:42 [32minfo[39m: Cargando configuracion:
2024-06-26 23:39:42 [32minfo[39m: configuracion lista.
2024-06-26 23:39:43 [32minfo[39m: Base de datos conectada a MongoDB
2024-06-26 23:41:30 [32minfo[39m: Cargando configuracion:
2024-06-26 23:41:30 [32minfo[39m: configuracion lista.
2024-06-26 23:41:32 [32minfo[39m: Base de datos conectada a MongoDB
2024-06-26 23:44:25 [32minfo[39m: Cargando configuracion:
2024-06-26 23:44:25 [32minfo[39m: configuracion lista.
2024-06-26 23:44:27 [32minfo[39m: Base de datos conectada a MongoDB
2024-06-26 23:53:14 [32minfo[39m: Cargando configuracion:
2024-06-26 23:53:14 [32minfo[39m: configuracion lista.
2024-06-26 23:53:16 [32minfo[39m: Base de datos conectada a MongoDB
2024-06-27 20:31:48 [32minfo[39m: Cargando configuracion:
2024-06-27 20:31:48 [32minfo[39m: configuracion lista.
2024-06-27 20:31:50 [32minfo[39m: Base de datos conectada a MongoDB
2024-06-27 20:38:11 [32minfo[39m: Cargando configuracion:
2024-06-27 20:38:11 [32minfo[39m: configuracion lista.
2024-06-27 20:38:13 [32minfo[39m: Base de datos conectada a MongoDB
2024-06-27 20:38:47 [32minfo[39m: Cargando configuracion:
2024-06-27 20:38:47 [32minfo[39m: configuracion lista.
2024-06-27 20:38:49 [32minfo[39m: Base de datos conectada a MongoDB
2024-06-27 20:45:09 [32minfo[39m: Cargando configuracion:
2024-06-27 20:45:09 [32minfo[39m: configuracion lista.
2024-06-27 20:45:11 [32minfo[39m: Base de datos conectada a MongoDB
2024-06-27 20:45:36 [32minfo[39m: Cargando configuracion:
2024-06-27 20:45:36 [32minfo[39m: configuracion lista.
2024-06-27 20:45:39 [32minfo[39m: Base de datos conectada a MongoDB
2024-06-27 20:46:16 [32minfo[39m: Cargando configuracion:
2024-06-27 20:46:16 [32minfo[39m: configuracion lista.
2024-06-27 20:46:18 [32minfo[39m: Base de datos conectada a MongoDB
2024-06-27 20:53:29 [32minfo[39m: Cargando configuracion:
2024-06-27 20:53:29 [32minfo[39m: configuracion lista.
2024-06-27 20:53:30 [32minfo[39m: Base de datos conectada a MongoDB
2024-06-27 20:53:52 [32minfo[39m: Cargando configuracion:
2024-06-27 20:53:52 [32minfo[39m: configuracion lista.
2024-06-27 20:53:54 [32minfo[39m: Base de datos conectada a MongoDB
2024-06-27 20:56:03 [32minfo[39m: Cargando configuracion:
2024-06-27 20:56:03 [32minfo[39m: configuracion lista.
2024-06-27 20:56:04 [32minfo[39m: Base de datos conectada a MongoDB
2024-06-27 20:56:17 [32minfo[39m: Cargando configuracion:
2024-06-27 20:56:17 [32minfo[39m: configuracion lista.
2024-06-27 20:56:18 [32minfo[39m: Base de datos conectada a MongoDB
2024-06-27 21:01:14 [32minfo[39m: Cargando configuracion:
2024-06-27 21:01:14 [32minfo[39m: configuracion lista.
2024-06-27 21:01:16 [32minfo[39m: Base de datos conectada a MongoDB
2024-06-27 21:01:50 [32minfo[39m: Cargando configuracion:
2024-06-27 21:01:50 [32minfo[39m: configuracion lista.
2024-06-27 21:01:51 [32minfo[39m: Base de datos conectada a MongoDB
2024-06-27 21:03:11 [32minfo[39m: Cargando configuracion:
2024-06-27 21:03:11 [32minfo[39m: configuracion lista.
2024-06-27 21:03:12 [32minfo[39m: Base de datos conectada a MongoDB
2024-06-27 21:04:17 [32minfo[39m: Cargando configuracion:
2024-06-27 21:04:17 [32minfo[39m: configuracion lista.
2024-06-27 21:04:21 [32minfo[39m: Cargando configuracion:
2024-06-27 21:04:21 [32minfo[39m: configuracion lista.
2024-06-27 21:05:01 [32minfo[39m: Cargando configuracion:
2024-06-27 21:05:01 [32minfo[39m: configuracion lista.
2024-06-27 21:07:47 [32minfo[39m: Cargando configuracion:
2024-06-27 21:07:47 [32minfo[39m: configuracion lista.
2024-06-27 21:08:01 [32minfo[39m: Cargando configuracion:
2024-06-27 21:08:01 [32minfo[39m: configuracion lista.
2024-06-27 21:10:12 [32minfo[39m: Cargando configuracion:
2024-06-27 21:10:12 [32minfo[39m: configuracion lista.
2024-06-27 21:11:11 [32minfo[39m: Cargando configuracion:
2024-06-27 21:11:11 [32minfo[39m: configuracion lista.
2024-06-27 21:15:39 [32minfo[39m: Cargando configuracion:
2024-06-27 21:15:39 [32minfo[39m: configuracion lista.
2024-06-27 22:36:12 [32minfo[39m: Cargando configuracion:
2024-06-27 22:36:12 [32minfo[39m: configuracion lista.
2024-06-27 23:08:58 [32minfo[39m: Cargando configuracion:
2024-06-27 23:08:58 [32minfo[39m: configuracion lista.
2024-06-27 23:12:00 [32minfo[39m: Cargando configuracion:
2024-06-27 23:12:00 [32minfo[39m: configuracion lista.
2024-06-27 23:15:44 [32minfo[39m: Cargando configuracion:
2024-06-27 23:15:44 [32minfo[39m: configuracion lista.
2024-06-27 23:31:39 [32minfo[39m: Cargando configuracion:
2024-06-27 23:31:39 [32minfo[39m: configuracion lista.
2024-07-09 13:39:09 [32minfo[39m: Cargando configuracion:
2024-07-09 13:39:09 [32minfo[39m: configuracion lista.
2024-07-09 13:39:57 [32minfo[39m: Cargando configuracion:
2024-07-09 13:39:57 [32minfo[39m: configuracion lista.
2024-07-09 13:46:36 [32minfo[39m: Cargando configuracion:
2024-07-09 13:46:36 [32minfo[39m: configuracion lista.
2024-07-09 13:46:45 [32minfo[39m: Cargando configuracion:
2024-07-09 13:46:45 [32minfo[39m: configuracion lista.
2024-07-09 13:47:18 [32minfo[39m: Cargando configuracion:
2024-07-09 13:47:18 [32minfo[39m: configuracion lista.
2024-07-09 13:48:47 [32minfo[39m: Cargando configuracion:
2024-07-09 13:48:47 [32minfo[39m: configuracion lista.
2024-07-09 14:35:06 [32minfo[39m: Cargando configuracion:
2024-07-09 15:01:26 [32minfo[39m: Cargando configuracion:
2024-07-09 15:02:27 [32minfo[39m: Cargando configuracion:
2024-07-09 15:02:27 [32minfo[39m: configuracion lista.
2024-07-09 15:19:44 [32minfo[39m: Cargando configuracion:
2024-07-09 15:19:44 [32minfo[39m: configuracion lista.
2024-07-09 15:20:31 [32minfo[39m: Cargando configuracion:
2024-07-09 15:20:31 [32minfo[39m: configuracion lista.
2024-07-09 15:21:42 [32minfo[39m: Cargando configuracion:
2024-07-09 15:21:42 [32minfo[39m: configuracion lista.
2024-07-09 15:21:46 [32minfo[39m: Cargando configuracion:
2024-07-09 15:21:46 [32minfo[39m: configuracion lista.
2024-07-09 15:24:27 [32minfo[39m: Cargando configuracion:
2024-07-09 15:24:27 [32minfo[39m: configuracion lista.
2024-07-09 15:34:51 [32minfo[39m: Cargando configuracion:
2024-07-09 15:34:51 [32minfo[39m: configuracion lista.
2024-07-09 15:35:25 [32minfo[39m: Cargando configuracion:
2024-07-09 15:35:25 [32minfo[39m: configuracion lista.
2024-07-09 15:42:22 [32minfo[39m: Cargando configuracion:
2024-07-09 15:42:22 [32minfo[39m: configuracion lista.
2024-07-09 15:46:34 [32minfo[39m: Cargando configuracion:
2024-07-09 15:46:34 [32minfo[39m: configuracion lista.
2024-07-09 15:48:47 [32minfo[39m: Cargando configuracion:
2024-07-09 15:48:47 [32minfo[39m: configuracion lista.
2024-07-09 15:52:15 [32minfo[39m: Cargando configuracion:
2024-07-09 15:52:15 [32minfo[39m: configuracion lista.
2024-07-09 15:54:47 [32minfo[39m: Cargando configuracion:
2024-07-09 15:54:47 [32minfo[39m: configuracion lista.
2024-07-09 15:54:54 [32minfo[39m: Cargando configuracion:
2024-07-09 15:54:54 [32minfo[39m: configuracion lista.
2024-07-09 15:55:18 [32minfo[39m: Cargando configuracion:
2024-07-09 15:55:18 [32minfo[39m: configuracion lista.
2024-07-09 16:15:35 [32minfo[39m: Cargando configuracion:
2024-07-09 16:15:35 [32minfo[39m: configuracion lista.
2024-07-09 16:24:55 [32minfo[39m: UsuariosService:
2024-07-09 16:24:55 [32minfo[39m: Cargando configuracion:
2024-07-09 16:24:55 [32minfo[39m: configuracion lista.
2024-07-09 16:26:52 [32minfo[39m: usuariosService:
2024-07-09 16:26:52 [32minfo[39m: Cargando configuracion:
2024-07-09 16:26:52 [32minfo[39m: configuracion lista.
2024-07-09 16:27:14 [32minfo[39m: Cargando configuracion:
2024-07-09 16:27:14 [32minfo[39m: configuracion lista.
2024-07-09 16:27:53 [32minfo[39m: Cargando configuracion:
2024-07-09 16:27:53 [32minfo[39m: configuracion lista.
2024-07-09 16:32:17 [32minfo[39m: Cargando configuracion:
2024-07-09 16:32:17 [32minfo[39m: configuracion lista.
2024-07-09 18:45:45 [32minfo[39m: Cargando configuracion:
2024-07-09 18:45:45 [32minfo[39m: configuracion lista.
2024-07-09 18:45:59 [32minfo[39m: Cargando configuracion:
2024-07-09 18:45:59 [32minfo[39m: configuracion lista.
2024-07-09 18:46:35 [32minfo[39m: Cargando configuracion:
2024-07-09 18:46:35 [32minfo[39m: configuracion lista.
2024-07-09 18:46:35 [32minfo[39m: User Controller Cargado
2024-07-09 18:46:47 [32minfo[39m: Cargando configuracion:
2024-07-09 18:46:47 [32minfo[39m: configuracion lista.
2024-07-09 18:46:47 [32minfo[39m: User Controller Cargado
2024-07-09 18:46:47 [32minfo[39m: Session Controller Cargado
2024-07-10 22:45:41 [32minfo[39m: Cargando configuracion:
2024-07-10 22:45:41 [32minfo[39m: configuracion lista.
2024-07-10 22:45:41 [32minfo[39m: User Controller Cargado
2024-07-10 22:45:41 [32minfo[39m: Session Controller Cargado
2024-07-10 22:46:25 [32minfo[39m: Cargando configuracion:
2024-07-10 22:46:25 [32minfo[39m: configuracion lista.
2024-07-10 22:46:25 [32minfo[39m: User Controller Cargado
2024-07-10 22:46:25 [32minfo[39m: Session Controller Cargado
2024-07-10 22:47:35 [32minfo[39m: Cargando configuracion:
2024-07-10 22:47:35 [32minfo[39m: configuracion lista.
2024-07-10 22:47:35 [32minfo[39m: User Controller Cargado
2024-07-10 22:47:35 [32minfo[39m: Session Controller Cargado
2024-07-10 22:48:08 [32minfo[39m: Cargando configuracion:
2024-07-10 22:48:08 [32minfo[39m: configuracion lista.
2024-07-10 22:48:08 [32minfo[39m: User Controller Cargado
2024-07-10 22:48:08 [32minfo[39m: Session Controller Cargado
2024-07-10 22:48:34 [32minfo[39m: Cargando configuracion:
2024-07-10 22:48:34 [32minfo[39m: configuracion lista.
2024-07-10 22:48:34 [32minfo[39m: User Controller Cargado
2024-07-10 22:48:34 [32minfo[39m: Session Controller Cargado
2024-07-10 22:49:13 [32minfo[39m: Cargando configuracion:
2024-07-10 22:49:13 [32minfo[39m: configuracion lista.
2024-07-10 22:49:13 [32minfo[39m: User Controller Cargado
2024-07-10 22:49:13 [32minfo[39m: Session Controller Cargado
2024-07-10 22:50:10 [32minfo[39m: Cargando configuracion:
2024-07-10 22:50:10 [32minfo[39m: configuracion lista.
2024-07-10 22:50:10 [32minfo[39m: User Controller Cargado
2024-07-10 22:50:10 [32minfo[39m: Session Controller Cargado
2024-07-10 22:52:08 [32minfo[39m: Cargando configuracion:
2024-07-10 22:52:08 [32minfo[39m: configuracion lista.
2024-07-10 22:52:08 [32minfo[39m: User Controller Cargado
2024-07-10 22:52:08 [32minfo[39m: Session Controller Cargado
2024-07-10 22:53:11 [32minfo[39m: Cargando configuracion:
2024-07-10 22:53:11 [32minfo[39m: configuracion lista.
2024-07-10 22:53:11 [32minfo[39m: User Controller Cargado
2024-07-10 22:53:11 [32minfo[39m: Session Controller Cargado
2024-07-10 22:53:24 [32minfo[39m: Cargando configuracion:
2024-07-10 22:53:24 [32minfo[39m: configuracion lista.
2024-07-10 22:53:24 [32minfo[39m: User Controller Cargado
2024-07-10 22:53:24 [32minfo[39m: Session Controller Cargado
2024-07-10 22:56:54 [32minfo[39m: Cargando configuracion:
2024-07-10 22:56:54 [32minfo[39m: configuracion lista.
2024-07-10 22:56:54 [32minfo[39m: User Controller Cargado
2024-07-10 22:56:54 [32minfo[39m: Session Controller Cargado
2024-07-10 23:00:49 [32minfo[39m: Cargando configuracion:
2024-07-10 23:00:50 [32minfo[39m: configuracion lista.
2024-07-10 23:00:50 [32minfo[39m: User Controller Cargado
2024-07-10 23:00:50 [32minfo[39m: Session Controller Cargado
2024-07-10 23:12:47 [32minfo[39m: Cargando configuracion:
2024-07-10 23:12:47 [32minfo[39m: configuracion lista.
2024-07-10 23:12:47 [32minfo[39m: User Controller Cargado
2024-07-10 23:12:47 [32minfo[39m: Session Controller Cargado
2024-07-10 23:13:13 [32minfo[39m: Cargando configuracion:
2024-07-10 23:13:13 [32minfo[39m: configuracion lista.
2024-07-10 23:13:13 [32minfo[39m: User Controller Cargado
2024-07-10 23:13:13 [32minfo[39m: Session Controller Cargado
2024-07-10 23:13:37 [32minfo[39m: Cargando configuracion:
2024-07-10 23:13:37 [32minfo[39m: configuracion lista.
2024-07-10 23:13:37 [32minfo[39m: User Controller Cargado
2024-07-10 23:13:37 [32minfo[39m: Session Controller Cargado
2024-07-10 23:43:24 [32minfo[39m: Cargando configuracion:
2024-07-10 23:43:24 [32minfo[39m: configuracion lista.
2024-07-10 23:43:24 [32minfo[39m: User Controller Cargado
2024-07-10 23:43:24 [32minfo[39m: Session Controller Cargado
2024-07-11 13:15:15 [32minfo[39m: Cargando configuracion:
2024-07-11 13:15:15 [32minfo[39m: configuracion lista.
2024-07-11 13:15:15 [32minfo[39m: User Controller Cargado
2024-07-11 13:15:15 [32minfo[39m: Session Controller Cargado
2024-07-18 18:19:44 [32minfo[39m: Cargando configuracion:
2024-07-18 18:19:44 [32minfo[39m: configuracion lista.
2024-07-18 18:19:44 [32minfo[39m: User Controller Cargado
2024-07-18 18:19:44 [32minfo[39m: Session Controller Cargado
2024-07-18 18:20:18 [32minfo[39m: Cargando configuracion:
2024-07-18 18:20:18 [32minfo[39m: configuracion lista.
2024-07-18 18:20:18 [32minfo[39m: User Controller Cargado
2024-07-18 18:20:18 [32minfo[39m: Session Controller Cargado
2024-07-18 18:20:32 [32minfo[39m: Cargando configuracion:
2024-07-18 18:20:32 [32minfo[39m: configuracion lista.
2024-07-18 18:20:32 [32minfo[39m: User Controller Cargado
2024-07-18 18:20:32 [32minfo[39m: Session Controller Cargado
2024-07-18 19:30:27 [32minfo[39m: Cargando configuracion:
2024-07-18 19:31:05 [32minfo[39m: Cargando configuracion:
2024-07-18 19:31:51 [32minfo[39m: Cargando configuracion:
2024-07-18 19:31:51 [32minfo[39m: configuracion lista.
2024-07-18 19:31:51 [32minfo[39m: User Controller Cargado
2024-07-18 19:39:32 [32minfo[39m: Cargando configuracion:
2024-07-18 19:39:32 [32minfo[39m: configuracion lista.
2024-07-18 19:39:32 [32minfo[39m: User Controller Cargado
2024-07-18 19:39:40 [32minfo[39m: Cargando configuracion:
2024-07-18 19:39:40 [32minfo[39m: configuracion lista.
2024-07-18 19:39:40 [32minfo[39m: User Controller Cargado
2024-07-18 19:40:03 [32minfo[39m: Cargando configuracion:
2024-07-18 19:40:03 [32minfo[39m: configuracion lista.
2024-07-18 19:40:03 [32minfo[39m: User Controller Cargado
2024-07-18 19:46:45 [32minfo[39m: Cargando configuracion:
2024-07-18 19:46:45 [32minfo[39m: configuracion lista.
2024-07-18 19:46:45 [32minfo[39m: User Controller Cargado
2024-07-18 19:48:03 [32minfo[39m: Cargando configuracion:
2024-07-18 19:48:03 [32minfo[39m: configuracion lista.
2024-07-18 19:48:03 [32minfo[39m: User Controller Cargado
2024-07-18 19:49:03 [32minfo[39m: Cargando configuracion:
2024-07-18 19:49:03 [32minfo[39m: configuracion lista.
2024-07-18 19:49:03 [32minfo[39m: User Controller Cargado
2024-07-18 19:49:56 [32minfo[39m: Cargando configuracion:
2024-07-18 19:49:56 [32minfo[39m: configuracion lista.
2024-07-18 19:49:56 [32minfo[39m: User Controller Cargado
2024-07-18 19:50:11 [32minfo[39m: Cargando configuracion:
2024-07-18 19:51:10 [32minfo[39m: Cargando configuracion:
2024-07-18 19:51:10 [32minfo[39m: configuracion lista.
2024-07-18 19:51:10 [32minfo[39m: User Controller Cargado
2024-07-18 19:51:11 [32minfo[39m: Redis Conectado
2024-07-18 19:51:11 [32minfo[39m: Session Controller Cargado
2024-07-18 19:52:03 [32minfo[39m: Cargando configuracion:
2024-07-18 19:52:03 [32minfo[39m: configuracion lista.
2024-07-18 19:52:03 [32minfo[39m: User Controller Cargado
2024-07-18 19:52:04 [32minfo[39m: User cache cargado
2024-07-18 19:52:04 [32minfo[39m: Session Controller Cargado
2024-07-18 19:52:17 [32minfo[39m: Cargando configuracion:
2024-07-18 19:52:17 [32minfo[39m: configuracion lista.
2024-07-18 19:52:17 [32minfo[39m: User Controller Cargado
2024-07-18 19:52:18 [32minfo[39m: User cache listo
2024-07-18 19:52:18 [32minfo[39m: Session Controller Cargado
